build/app/intermediates/manifest_merge_blame_file/debug/manifest-merger-blame-debug-report.txt
1<?xml version="1.0" encoding="utf-8"?>
2<manifest xmlns:android="http://schemas.android.com/apk/res/android"
3    package="com.jan.app"
4    android:versionCode="10"
5    android:versionName="0.3.3" >
6
7    <uses-sdk
8        android:minSdkVersion="16"
9        android:targetSdkVersion="29" />
10    <!--
11         Flutter needs it to communicate with the running application
12         to allow setting breakpoints, to provide hot reload, etc.
13    -->
14    <uses-permission android:name="android.permission.INTERNET" />
14-->src\main\AndroidManifest.xml:8:5-66
14-->src\main\AndroidManifest.xml:8:22-64
15    <uses-permission android:name="android.permission.ACCESS_FINE_LOCATION" />
15-->src\main\AndroidManifest.xml:9:5-79
15-->src\main\AndroidManifest.xml:9:22-76
16    <uses-permission android:name="android.permission.ACCESS_COARSE_LOCATION" />
16-->src\main\AndroidManifest.xml:10:5-81
16-->src\main\AndroidManifest.xml:10:22-78
17    <uses-permission android:name="android.permission.READ_EXTERNAL_STORAGE" />
17-->[:image_picker] AndroidManifest.xml:7:5-80
17-->[:image_picker] AndroidManifest.xml:7:22-77
18    <uses-permission android:name="android.permission.WRITE_EXTERNAL_STORAGE" />
18-->[:image_picker] AndroidManifest.xml:8:5-81
18-->[:image_picker] AndroidManifest.xml:8:22-78
19    <uses-permission android:name="android.permission.ACCESS_NETWORK_STATE" />
19-->[:connectivity] AndroidManifest.xml:7:5-79
19-->[:connectivity] AndroidManifest.xml:7:22-76
20    <uses-permission android:name="android.permission.ACCESS_WIFI_STATE" />
20-->[:connectivity] AndroidManifest.xml:8:5-76
20-->[:connectivity] AndroidManifest.xml:8:22-73
21
22    <uses-feature
22-->[com.google.android.gms:play-services-maps:17.0.0] AndroidManifest.xml:26:5-28:35
23        android:glEsVersion="0x00020000"
23-->[com.google.android.gms:play-services-maps:17.0.0] AndroidManifest.xml:27:9-41
24        android:required="true" />
24-->[com.google.android.gms:play-services-maps:17.0.0] AndroidManifest.xml:28:9-32
25
26    <uses-permission android:name="android.permission.WAKE_LOCK" /> <!-- Required by older versions of Google Play services to create IID tokens -->
26-->[com.google.android.gms:play-services-measurement-api:17.4.1] AndroidManifest.xml:24:5-68
26-->[com.google.android.gms:play-services-measurement-api:17.4.1] AndroidManifest.xml:24:22-65
27    <uses-permission android:name="com.google.android.c2dm.permission.RECEIVE" />
27-->[com.google.firebase:firebase-iid:20.1.5] AndroidManifest.xml:26:5-82
27-->[com.google.firebase:firebase-iid:20.1.5] AndroidManifest.xml:26:22-79
28    <uses-permission android:name="com.google.android.finsky.permission.BIND_GET_INSTALL_REFERRER_SERVICE" />
28-->[com.google.android.gms:play-services-measurement:17.4.1] AndroidManifest.xml:26:5-110
28-->[com.google.android.gms:play-services-measurement:17.4.1] AndroidManifest.xml:26:22-107
29    <uses-permission android:name="com.android.vending.BILLING" />
29-->[com.android.billingclient:billing:2.0.3] AndroidManifest.xml:10:5-67
29-->[com.android.billingclient:billing:2.0.3] AndroidManifest.xml:10:22-64
30
31    <application
31-->src\main\AndroidManifest.xml:11:5-57:19
32        android:name="io.flutter.app.FlutterApplication"
32-->src\main\AndroidManifest.xml:12:9-57
33        android:appComponentFactory="androidx.core.app.CoreComponentFactory"
33-->[androidx.core:core:1.2.0] AndroidManifest.xml:24:18-86
34        android:debuggable="true"
35        android:icon="@mipmap/ic_launcher"
35-->src\main\AndroidManifest.xml:14:9-43
36        android:label="Armenian Dating" >
36-->src\main\AndroidManifest.xml:13:9-40
37        <activity
37-->src\main\AndroidManifest.xml:16:9-45:20
38            android:name="com.jan.app.MainActivity"
38-->src\main\AndroidManifest.xml:17:13-41
39            android:configChanges="orientation|keyboardHidden|keyboard|screenSize|smallestScreenSize|locale|layoutDirection|fontScale|screenLayout|density|uiMode"
39-->src\main\AndroidManifest.xml:20:13-163
40            android:hardwareAccelerated="true"
40-->src\main\AndroidManifest.xml:21:13-47
41            android:launchMode="singleTop"
41-->src\main\AndroidManifest.xml:18:13-43
42            android:theme="@style/LaunchTheme"
42-->src\main\AndroidManifest.xml:19:13-47
43            android:windowSoftInputMode="adjustResize" >
43-->src\main\AndroidManifest.xml:22:13-55
44
45            <!--
46                 Specifies an Android theme to apply to this Activity as soon as
47                 the Android process has started. This theme is visible to the user
48                 while the Flutter UI initializes. After that, this theme continues
49                 to determine the Window background behind the Flutter UI.
50            -->
51            <meta-data
51-->src\main\AndroidManifest.xml:27:13-30:17
52                android:name="io.flutter.embedding.android.NormalTheme"
52-->src\main\AndroidManifest.xml:28:15-70
53                android:resource="@style/NormalTheme" />
53-->src\main\AndroidManifest.xml:29:15-52
54            <!--
55                 Displays an Android View that continues showing the launch screen
56                 Drawable until Flutter paints its first frame, then this splash
57                 screen fades out. A splash screen is useful to avoid any visual
58                 gap between the end of Android's launch screen and the painting of
59                 Flutter's first frame.
60            -->
61            <meta-data
61-->src\main\AndroidManifest.xml:36:13-39:17
62                android:name="io.flutter.embedding.android.SplashScreenDrawable"
62-->src\main\AndroidManifest.xml:37:15-79
63                android:resource="@drawable/launch_background" />
63-->src\main\AndroidManifest.xml:38:15-61
64
65            <intent-filter>
65-->src\main\AndroidManifest.xml:41:13-44:29
66                <action android:name="android.intent.action.MAIN" />
66-->src\main\AndroidManifest.xml:42:17-68
66-->src\main\AndroidManifest.xml:42:25-66
67
68                <category android:name="android.intent.category.LAUNCHER" />
68-->src\main\AndroidManifest.xml:43:17-76
68-->src\main\AndroidManifest.xml:43:27-74
69            </intent-filter>
70        </activity>
71
72        <meta-data
72-->src\main\AndroidManifest.xml:46:9-47:74
73            android:name="com.google.android.geo.API_KEY"
73-->src\main\AndroidManifest.xml:46:20-65
74            android:value="AIzaSyAB_zy9R4fRI4APxPUEJtRQ3iWEher7spY" />
74-->src\main\AndroidManifest.xml:47:17-72
75
76        <activity
76-->src\main\AndroidManifest.xml:48:9-51:71
77            android:name="com.yalantis.ucrop.UCropActivity"
77-->src\main\AndroidManifest.xml:49:13-60
78            android:screenOrientation="portrait"
78-->src\main\AndroidManifest.xml:50:13-49
79            android:theme="@style/Theme.AppCompat.Light.NoActionBar" />
79-->src\main\AndroidManifest.xml:51:13-69
80        <!--
81             Don't delete the meta-data below.
82             This is used by the Flutter tool to generate GeneratedPluginRegistrant.java
83        -->
84        <meta-data
84-->src\main\AndroidManifest.xml:54:9-56:33
85            android:name="flutterEmbedding"
85-->src\main\AndroidManifest.xml:55:13-44
86            android:value="2" />
86-->src\main\AndroidManifest.xml:56:13-30
87
88        <provider
88-->[:image_picker] AndroidManifest.xml:11:9-19:20
89            android:name="io.flutter.plugins.imagepicker.ImagePickerFileProvider"
89-->[:image_picker] AndroidManifest.xml:12:13-82
90            android:authorities="com.jan.app.flutter.image_provider"
90-->[:image_picker] AndroidManifest.xml:13:13-74
91            android:exported="false"
91-->[:image_picker] AndroidManifest.xml:14:13-37
92            android:grantUriPermissions="true" >
92-->[:image_picker] AndroidManifest.xml:15:13-47
93            <meta-data
93-->[:image_picker] AndroidManifest.xml:16:13-18:75
94                android:name="android.support.FILE_PROVIDER_PATHS"
94-->[:image_picker] AndroidManifest.xml:17:17-67
95                android:resource="@xml/flutter_image_picker_file_paths" />
95-->[:image_picker] AndroidManifest.xml:18:17-72
96        </provider>
97
98        <service
98-->[:cloud_firestore] AndroidManifest.xml:8:9-12:19
99            android:name="com.google.firebase.components.ComponentDiscoveryService"
99-->[:cloud_firestore] AndroidManifest.xml:8:18-89
100            android:directBootAware="true"
100-->[com.google.firebase:firebase-common:19.3.0] AndroidManifest.xml:34:13-43
101            android:exported="false" >
101-->[com.google.firebase:firebase-auth:19.3.1] AndroidManifest.xml:35:13-37
102            <meta-data
102-->[:cloud_firestore] AndroidManifest.xml:9:13-11:85
103                android:name="com.google.firebase.components:io.flutter.plugins.firebase.firestore.FlutterFirebaseFirestoreRegistrar"
103-->[:cloud_firestore] AndroidManifest.xml:10:17-134
104                android:value="com.google.firebase.components.ComponentRegistrar" />
104-->[:cloud_firestore] AndroidManifest.xml:11:17-82
105            <meta-data
105-->[:firebase_auth] AndroidManifest.xml:9:13-11:85
106                android:name="com.google.firebase.components:io.flutter.plugins.firebase.auth.FlutterFirebaseAuthRegistrar"
106-->[:firebase_auth] AndroidManifest.xml:10:17-124
107                android:value="com.google.firebase.components.ComponentRegistrar" />
107-->[:firebase_auth] AndroidManifest.xml:11:17-82
108            <meta-data
108-->[:firebase_storage] AndroidManifest.xml:9:13-11:85
109                android:name="com.google.firebase.components:io.flutter.plugins.firebase.storage.FlutterFirebaseAppRegistrar"
109-->[:firebase_storage] AndroidManifest.xml:10:17-126
110                android:value="com.google.firebase.components.ComponentRegistrar" />
110-->[:firebase_storage] AndroidManifest.xml:11:17-82
111            <meta-data
111-->[:firebase_crashlytics] AndroidManifest.xml:9:13-11:85
112                android:name="com.google.firebase.components:io.flutter.plugins.firebase.crashlytics.firebasecrashlytics.FlutterFirebaseAppRegistrar"
112-->[:firebase_crashlytics] AndroidManifest.xml:10:17-150
113                android:value="com.google.firebase.components.ComponentRegistrar" />
113-->[:firebase_crashlytics] AndroidManifest.xml:11:17-82
114            <meta-data
114-->[:firebase_core] AndroidManifest.xml:9:13-11:85
115                android:name="com.google.firebase.components:io.flutter.plugins.firebase.core.FlutterFirebaseCoreRegistrar"
115-->[:firebase_core] AndroidManifest.xml:10:17-124
116                android:value="com.google.firebase.components.ComponentRegistrar" />
116-->[:firebase_core] AndroidManifest.xml:11:17-82
117            <meta-data
117-->[com.google.firebase:firebase-auth:19.3.1] AndroidManifest.xml:36:13-38:85
118                android:name="com.google.firebase.components:com.google.firebase.auth.FirebaseAuthRegistrar"
118-->[com.google.firebase:firebase-auth:19.3.1] AndroidManifest.xml:37:17-109
119                android:value="com.google.firebase.components.ComponentRegistrar" />
119-->[com.google.firebase:firebase-auth:19.3.1] AndroidManifest.xml:38:17-82
120            <meta-data
120-->[com.google.firebase:firebase-storage:19.1.1] AndroidManifest.xml:33:13-35:85
121                android:name="com.google.firebase.components:com.google.firebase.storage.StorageRegistrar"
121-->[com.google.firebase:firebase-storage:19.1.1] AndroidManifest.xml:34:17-107
122                android:value="com.google.firebase.components.ComponentRegistrar" />
122-->[com.google.firebase:firebase-storage:19.1.1] AndroidManifest.xml:35:17-82
123            <meta-data
123-->[com.google.firebase:firebase-firestore:21.4.3] AndroidManifest.xml:20:13-22:85
124                android:name="com.google.firebase.components:com.google.firebase.firestore.FirestoreRegistrar"
124-->[com.google.firebase:firebase-firestore:21.4.3] AndroidManifest.xml:21:17-111
125                android:value="com.google.firebase.components.ComponentRegistrar" />
125-->[com.google.firebase:firebase-firestore:21.4.3] AndroidManifest.xml:22:17-82
126            <meta-data
126-->[com.google.android.gms:play-services-measurement-api:17.4.1] AndroidManifest.xml:30:13-32:85
127                android:name="com.google.firebase.components:com.google.firebase.analytics.connector.internal.AnalyticsConnectorRegistrar"
127-->[com.google.android.gms:play-services-measurement-api:17.4.1] AndroidManifest.xml:31:17-139
128                android:value="com.google.firebase.components.ComponentRegistrar" />
128-->[com.google.android.gms:play-services-measurement-api:17.4.1] AndroidManifest.xml:32:17-82
129            <meta-data
129-->[com.google.firebase:firebase-iid:20.1.5] AndroidManifest.xml:32:13-34:85
130                android:name="com.google.firebase.components:com.google.firebase.iid.Registrar"
130-->[com.google.firebase:firebase-iid:20.1.5] AndroidManifest.xml:33:17-96
131                android:value="com.google.firebase.components.ComponentRegistrar" />
131-->[com.google.firebase:firebase-iid:20.1.5] AndroidManifest.xml:34:17-82
132            <meta-data
132-->[com.google.firebase:firebase-installations:16.2.1] AndroidManifest.xml:17:13-19:85
133                android:name="com.google.firebase.components:com.google.firebase.installations.FirebaseInstallationsRegistrar"
133-->[com.google.firebase:firebase-installations:16.2.1] AndroidManifest.xml:18:17-127
134                android:value="com.google.firebase.components.ComponentRegistrar" />
134-->[com.google.firebase:firebase-installations:16.2.1] AndroidManifest.xml:19:17-82
135        </service>
136
137        <activity
137-->[:url_launcher] AndroidManifest.xml:8:9-11:74
138            android:name="io.flutter.plugins.urllauncher.WebViewActivity"
138-->[:url_launcher] AndroidManifest.xml:9:13-74
139            android:exported="false"
139-->[:url_launcher] AndroidManifest.xml:10:13-37
140            android:theme="@android:style/Theme.NoTitleBar.Fullscreen" />
140-->[:url_launcher] AndroidManifest.xml:11:13-71
141        <activity
141-->[com.google.firebase:firebase-auth:19.3.1] AndroidManifest.xml:24:9-31:50
142            android:name="com.google.firebase.auth.internal.FederatedSignInActivity"
142-->[com.google.firebase:firebase-auth:19.3.1] AndroidManifest.xml:25:13-85
143            android:excludeFromRecents="true"
143-->[com.google.firebase:firebase-auth:19.3.1] AndroidManifest.xml:26:13-46
144            android:exported="true"
144-->[com.google.firebase:firebase-auth:19.3.1] AndroidManifest.xml:27:13-36
145            android:launchMode="singleTask"
145-->[com.google.firebase:firebase-auth:19.3.1] AndroidManifest.xml:28:13-44
146            android:permission="com.google.firebase.auth.api.gms.permission.LAUNCH_FEDERATED_SIGN_IN"
146-->[com.google.firebase:firebase-auth:19.3.1] AndroidManifest.xml:29:13-102
147            android:theme="@android:style/Theme.Translucent.NoTitleBar" /> <!-- Needs to be explicitly declared on P+ -->
147-->[com.google.firebase:firebase-auth:19.3.1] AndroidManifest.xml:30:13-72
148        <uses-library
148-->[com.google.android.gms:play-services-maps:17.0.0] AndroidManifest.xml:33:9-35:40
149            android:name="org.apache.http.legacy"
149-->[com.google.android.gms:play-services-maps:17.0.0] AndroidManifest.xml:34:13-50
150            android:required="false" />
150-->[com.google.android.gms:play-services-maps:17.0.0] AndroidManifest.xml:35:13-37
151
152        <receiver
152-->[com.google.firebase:firebase-iid:20.1.5] AndroidManifest.xml:37:9-44:20
153            android:name="com.google.firebase.iid.FirebaseInstanceIdReceiver"
153-->[com.google.firebase:firebase-iid:20.1.5] AndroidManifest.xml:38:13-78
154            android:exported="true"
154-->[com.google.firebase:firebase-iid:20.1.5] AndroidManifest.xml:39:13-36
155            android:permission="com.google.android.c2dm.permission.SEND" >
155-->[com.google.firebase:firebase-iid:20.1.5] AndroidManifest.xml:40:13-73
156            <intent-filter>
156-->[com.google.firebase:firebase-iid:20.1.5] AndroidManifest.xml:41:13-43:29
157                <action android:name="com.google.android.c2dm.intent.RECEIVE" />
157-->[com.google.firebase:firebase-iid:20.1.5] AndroidManifest.xml:42:17-81
157-->[com.google.firebase:firebase-iid:20.1.5] AndroidManifest.xml:42:25-78
158            </intent-filter>
159        </receiver>
160
161        <activity
161-->[com.google.android.gms:play-services-base:17.2.1] AndroidManifest.xml:23:9-26:75
162            android:name="com.google.android.gms.common.api.GoogleApiActivity"
162-->[com.google.android.gms:play-services-base:17.2.1] AndroidManifest.xml:24:13-79
163            android:exported="false"
163-->[com.google.android.gms:play-services-base:17.2.1] AndroidManifest.xml:25:13-37
164            android:theme="@android:style/Theme.Translucent.NoTitleBar" />
164-->[com.google.android.gms:play-services-base:17.2.1] AndroidManifest.xml:26:13-72
165
166        <provider
166-->[com.google.firebase:firebase-common:19.3.0] AndroidManifest.xml:26:9-30:39
167            android:name="com.google.firebase.provider.FirebaseInitProvider"
167-->[com.google.firebase:firebase-common:19.3.0] AndroidManifest.xml:27:13-77
168            android:authorities="com.jan.app.firebaseinitprovider"
168-->[com.google.firebase:firebase-common:19.3.0] AndroidManifest.xml:28:13-72
169            android:exported="false"
169-->[com.google.firebase:firebase-common:19.3.0] AndroidManifest.xml:29:13-37
170            android:initOrder="100" />
170-->[com.google.firebase:firebase-common:19.3.0] AndroidManifest.xml:30:13-36
171
172        <receiver
172-->[com.google.android.gms:play-services-measurement:17.4.1] AndroidManifest.xml:29:9-33:20
173            android:name="com.google.android.gms.measurement.AppMeasurementReceiver"
173-->[com.google.android.gms:play-services-measurement:17.4.1] AndroidManifest.xml:30:13-85
174            android:enabled="true"
174-->[com.google.android.gms:play-services-measurement:17.4.1] AndroidManifest.xml:31:13-35
175            android:exported="false" >
175-->[com.google.android.gms:play-services-measurement:17.4.1] AndroidManifest.xml:32:13-37
176        </receiver>
177
178        <service
178-->[com.google.android.gms:play-services-measurement:17.4.1] AndroidManifest.xml:35:9-38:40
179            android:name="com.google.android.gms.measurement.AppMeasurementService"
179-->[com.google.android.gms:play-services-measurement:17.4.1] AndroidManifest.xml:36:13-84
180            android:enabled="true"
180-->[com.google.android.gms:play-services-measurement:17.4.1] AndroidManifest.xml:37:13-35
181            android:exported="false" />
181-->[com.google.android.gms:play-services-measurement:17.4.1] AndroidManifest.xml:38:13-37
182        <service
182-->[com.google.android.gms:play-services-measurement:17.4.1] AndroidManifest.xml:39:9-43:72
183            android:name="com.google.android.gms.measurement.AppMeasurementJobService"
183-->[com.google.android.gms:play-services-measurement:17.4.1] AndroidManifest.xml:40:13-87
184            android:enabled="true"
184-->[com.google.android.gms:play-services-measurement:17.4.1] AndroidManifest.xml:41:13-35
185            android:exported="false"
185-->[com.google.android.gms:play-services-measurement:17.4.1] AndroidManifest.xml:42:13-37
186            android:permission="android.permission.BIND_JOB_SERVICE" />
186-->[com.google.android.gms:play-services-measurement:17.4.1] AndroidManifest.xml:43:13-69
187
188        <meta-data
188-->[com.google.android.gms:play-services-basement:17.2.1] AndroidManifest.xml:23:9-25:69
189            android:name="com.google.android.gms.version"
189-->[com.google.android.gms:play-services-basement:17.2.1] AndroidManifest.xml:24:13-58
190            android:value="@integer/google_play_services_version" />
190-->[com.google.android.gms:play-services-basement:17.2.1] AndroidManifest.xml:25:13-66
191        <meta-data
191-->[com.android.billingclient:billing:2.0.3] AndroidManifest.xml:13:9-15:37
192            android:name="com.google.android.play.billingclient.version"
192-->[com.android.billingclient:billing:2.0.3] AndroidManifest.xml:14:13-73
193            android:value="2.0.3" />
193-->[com.android.billingclient:billing:2.0.3] AndroidManifest.xml:15:13-34
194
195        <activity
195-->[com.android.billingclient:billing:2.0.3] AndroidManifest.xml:17:9-20:75
196            android:name="com.android.billingclient.api.ProxyBillingActivity"
196-->[com.android.billingclient:billing:2.0.3] AndroidManifest.xml:18:13-78
197            android:configChanges="keyboard|keyboardHidden|screenLayout|screenSize|orientation"
197-->[com.android.billingclient:billing:2.0.3] AndroidManifest.xml:19:13-96
198            android:theme="@android:style/Theme.Translucent.NoTitleBar" />
198-->[com.android.billingclient:billing:2.0.3] AndroidManifest.xml:20:13-72
199
200        <provider
200-->[com.crashlytics.sdk.android:crashlytics:2.10.1] AndroidManifest.xml:19:9-23:38
201            android:name="com.crashlytics.android.CrashlyticsInitProvider"
201-->[com.crashlytics.sdk.android:crashlytics:2.10.1] AndroidManifest.xml:20:13-75
202            android:authorities="com.jan.app.crashlyticsinitprovider"
202-->[com.crashlytics.sdk.android:crashlytics:2.10.1] AndroidManifest.xml:21:13-75
203            android:exported="false"
203-->[com.crashlytics.sdk.android:crashlytics:2.10.1] AndroidManifest.xml:22:13-37
204            android:initOrder="90" />
204-->[com.crashlytics.sdk.android:crashlytics:2.10.1] AndroidManifest.xml:23:13-35
205    </application>
206
207</manifest>